[2026-02-23 15:40:18] [Clear] 로그 파일 및 내역이 초기화되었습니다.
[2026-02-23 15:40:37] [입고] 랜덤 상품 1000개 완료
[2026-02-23 15:40:45] [설정] 배속 x3600 적용
[2026-02-23 16:40:45] [만료 발생] 콜라
[2026-02-23 16:40:45] [만료 발생] 컵라면
[2026-02-23 16:40:45] [만료 발생] 과자
[2026-02-23 16:40:45] [만료 발생] 커피
[2026-02-23 16:40:45] [만료 발생] 컵라면
[2026-02-23 16:40:45] [만료 발생] 컵라면
[2026-02-23 16:40:45] [만료 발생] 생수
[2026-02-23 16:40:45] [만료 발생] 과자
[2026-02-23 16:40:45] [만료 발생] 커피
[2026-02-23 16:40:45] [만료 발생] 커피
[2026-02-23 17:40:45] [만료 발생] 김밥
[2026-02-23 17:40:45] [만료 발생] 도시락
[2026-02-23 17:40:45] [만료 발생] 커피
[2026-02-23 17:40:45] [만료 발생] 생수
[2026-02-23 17:40:45] [만료 발생] 김밥
[2026-02-23 17:40:45] [만료 발생] 생수
[2026-02-23 17:40:45] [만료 발생] 커피
[2026-02-23 17:40:45] [만료 발생] 샌드위치
[2026-02-23 17:40:45] [만료 발생] 김밥
[2026-02-23 17:40:45] [만료 발생] 아이스크림
[2026-02-23 17:40:45] [만료 발생] 도시락
[2026-02-23 17:40:45] [만료 발생] 과자
[2026-02-23 18:40:45] [만료 발생] 커피
[2026-02-23 18:40:45] [만료 발생] 컵라면
[2026-02-23 18:40:45] [만료 발생] 김밥
[2026-02-23 18:40:45] [만료 발생] 샌드위치
[2026-02-23 18:40:45] [만료 발생] 콜라
[2026-02-23 18:40:45] [만료 발생] 우유
[2026-02-23 18:40:45] [만료 발생] 샌드위치
[2026-02-23 18:40:45] [만료 발생] 김밥
[2026-02-23 18:40:45] [만료 발생] 생수
[2026-02-23 19:40:45] [만료 발생] 컵라면
[2026-02-23 19:40:45] [만료 발생] 생수
[2026-02-23 19:40:45] [만료 발생] 생수
[2026-02-23 19:40:45] [만료 발생] 샌드위치
[2026-02-23 19:40:45] [만료 발생] 아이스크림
[2026-02-23 19:40:45] [만료 발생] 김밥
[2026-02-23 19:40:45] [만료 발생] 김밥
[2026-02-23 19:40:45] [만료 발생] 도시락
[2026-02-23 21:40:45] [만료 발생] 콜라
[2026-02-23 21:40:45] [만료 발생] 도시락
[2026-02-23 21:40:45] [만료 발생] 커피
[2026-02-23 21:40:45] [만료 발생] 샌드위치
[2026-02-23 21:40:45] [만료 발생] 우유
[2026-02-23 21:40:45] [만료 발생] 커피
[2026-02-23 21:40:45] [만료 발생] 생수
[2026-02-23 21:40:45] [만료 발생] 김밥
[2026-02-23 21:40:45] [만료 발생] 샌드위치
[2026-02-23 21:40:45] [만료 발생] 김밥
[2026-02-23 21:40:45] [만료 발생] 아이스크림
[2026-02-23 21:40:45] [만료 발생] 샌드위치
[2026-02-23 21:40:45] [만료 발생] 아이스크림
[2026-02-23 21:40:45] [만료 발생] 콜라
[2026-02-23 21:40:45] [만료 발생] 아이스크림
[2026-02-23 21:40:45] [만료 발생] 커피
[2026-02-23 22:40:45] [만료 발생] 콜라
[2026-02-23 22:40:45] [만료 발생] 생수
[2026-02-23 22:40:45] [만료 발생] 아이스크림
[2026-02-23 22:40:45] [만료 발생] 컵라면
[2026-02-23 22:40:45] [만료 발생] 우유
[2026-02-23 22:40:45] [만료 발생] 컵라면
[2026-02-23 22:40:45] [만료 발생] 김밥
[2026-02-23 22:40:45] [만료 발생] 생수
[2026-02-23 22:40:45] [만료 발생] 커피
[2026-02-23 22:40:45] [만료 발생] 컵라면
[2026-02-23 22:40:45] [만료 발생] 컵라면
[2026-02-23 22:40:45] [만료 발생] 과자
[2026-02-23 22:40:45] [만료 발생] 과자
[2026-02-23 22:40:45] [만료 발생] 도시락
[2026-02-23 23:40:45] [만료 발생] 아이스크림
[2026-02-23 23:40:45] [만료 발생] 콜라
[2026-02-23 23:40:45] [만료 발생] 콜라
[2026-02-23 23:40:45] [만료 발생] 김밥
[2026-02-23 23:40:45] [만료 발생] 컵라면
[2026-02-23 23:40:45] [만료 발생] 도시락
[2026-02-23 23:40:45] [만료 발생] 콜라
[2026-02-23 23:40:45] [만료 발생] 과자
[2026-02-23 23:40:45] [만료 발생] 커피
[2026-02-23 23:40:45] [만료 발생] 콜라
[2026-02-23 23:40:45] [만료 발생] 아이스크림
[2026-02-23 23:40:45] [만료 발생] 도시락
[2026-02-23 23:40:45] [만료 발생] 생수
[2026-02-23 23:40:45] [만료 발생] 김밥
[2026-02-23 23:40:45] [만료 발생] 김밥
[2026-02-24 00:40:45] [만료 발생] 김밥
[2026-02-24 00:40:45] [만료 발생] 샌드위치
[2026-02-24 00:40:45] [만료 발생] 우유
[2026-02-24 00:40:45] [만료 발생] 우유
[2026-02-24 00:40:45] [만료 발생] 샌드위치
[2026-02-24 00:40:45] [만료 발생] 도시락
[2026-02-24 00:40:45] [만료 발생] 아이스크림
[2026-02-24 00:40:45] [만료 발생] 커피
[2026-02-24 00:40:45] [만료 발생] 생수
[2026-02-24 00:40:45] [만료 발생] 아이스크림
[2026-02-24 00:40:45] [만료 발생] 우유
[2026-02-24 00:40:45] [만료 발생] 김밥
[2026-02-24 00:40:45] [만료 발생] 생수
[2026-02-24 00:40:45] [만료 발생] 아이스크림
[2026-02-24 01:40:45] [만료 발생] 생수
[2026-02-24 01:40:45] [만료 발생] 우유
[2026-02-24 01:40:45] [만료 발생] 콜라
[2026-02-24 01:40:45] [만료 발생] 샌드위치
[2026-02-24 01:40:45] [만료 발생] 콜라
[2026-02-24 01:40:45] [만료 발생] 생수
[2026-02-24 01:40:45] [만료 발생] 커피
[2026-02-24 01:40:45] [만료 발생] 김밥
[2026-02-24 01:40:45] [만료 발생] 컵라면
[2026-02-24 01:40:45] [만료 발생] 과자
[2026-02-24 01:40:45] [만료 발생] 컵라면
[2026-02-24 01:40:45] [만료 발생] 과자
[2026-02-23 15:41:09] [System] 기존 데이터 1000개 로드됨
[2026-02-24 15:40:45] [System] 세션 복구 완료 (13초 흐름, 배속: x3600)
[2026-02-24 15:40:45] [만료 발생] 샌드위치
[2026-02-24 15:40:45] [만료 발생] 콜라
[2026-02-24 15:40:45] [만료 발생] 과자
[2026-02-24 15:40:45] [만료 발생] 우유
[2026-02-24 15:40:45] [만료 발생] 커피
[2026-02-24 15:40:45] [만료 발생] 아이스크림
[2026-02-24 15:40:45] [만료 발생] 생수
[2026-02-24 15:40:45] [만료 발생] 도시락
[2026-02-24 15:40:45] [만료 발생] 아이스크림
[2026-02-24 15:40:45] [만료 발생] 컵라면
[2026-02-24 15:40:45] [만료 발생] 우유
[2026-02-24 15:40:45] [만료 발생] 과자
[2026-02-24 15:40:45] [만료 발생] 도시락
[2026-02-24 15:40:45] [만료 발생] 생수
[2026-02-24 15:40:45] [만료 발생] 커피
[2026-02-24 15:40:45] [만료 발생] 우유
[2026-02-24 15:40:45] [만료 발생] 컵라면
[2026-02-24 15:40:45] [만료 발생] 커피
[2026-02-24 15:40:45] [만료 발생] 김밥
[2026-02-24 15:40:45] [만료 발생] 도시락
[2026-02-24 15:40:45] [만료 발생] 커피
[2026-02-24 15:40:45] [만료 발생] 콜라
[2026-02-24 15:40:45] [만료 발생] 커피
[2026-02-24 15:40:45] [만료 발생] 생수
[2026-02-24 15:40:45] [만료 발생] 샌드위치
[2026-02-24 15:40:45] [만료 발생] 과자
[2026-02-24 15:40:45] [만료 발생] 도시락
[2026-02-24 15:40:45] [만료 발생] 컵라면
[2026-02-24 15:40:45] [만료 발생] 우유
[2026-02-24 15:40:45] [만료 발생] 우유
[2026-02-24 15:40:45] [만료 발생] 콜라
[2026-02-24 15:40:45] [만료 발생] 커피
[2026-02-24 15:40:45] [만료 발생] 콜라
[2026-02-24 15:40:45] [만료 발생] 도시락
[2026-02-24 15:40:45] [만료 발생] 커피
[2026-02-24 15:40:45] [만료 발생] 컵라면
[2026-02-24 15:40:45] [만료 발생] 도시락
[2026-02-24 15:40:45] [만료 발생] 과자
[2026-02-24 15:40:45] [만료 발생] 콜라
[2026-02-24 15:40:45] [만료 발생] 김밥
[2026-02-24 15:40:45] [만료 발생] 아이스크림
[2026-02-24 15:40:45] [만료 발생] 컵라면
[2026-02-24 15:40:45] [만료 발생] 우유
[2026-02-24 15:40:45] [만료 발생] 컵라면
[2026-02-24 15:40:45] [만료 발생] 샌드위치
[2026-02-24 15:40:45] [만료 발생] 우유
[2026-02-24 15:40:45] [만료 발생] 콜라
[2026-02-24 15:40:45] [만료 발생] 우유
[2026-02-24 15:40:45] [만료 발생] 과자
[2026-02-24 15:40:45] [만료 발생] 커피
[2026-02-24 15:40:45] [만료 발생] 과자
[2026-02-24 15:40:45] [만료 발생] 도시락
[2026-02-24 15:40:45] [만료 발생] 커피
[2026-02-24 15:40:45] [만료 발생] 컵라면
[2026-02-24 15:40:45] [만료 발생] 샌드위치
[2026-02-24 15:40:45] [만료 발생] 아이스크림
[2026-02-24 15:40:45] [만료 발생] 생수
[2026-02-24 15:40:45] [만료 발생] 아이스크림
[2026-02-24 15:40:45] [만료 발생] 도시락
[2026-02-24 15:40:45] [만료 발생] 콜라
[2026-02-24 15:40:45] [만료 발생] 과자
[2026-02-24 15:40:45] [만료 발생] 아이스크림
[2026-02-24 15:40:45] [만료 발생] 도시락
[2026-02-24 15:40:45] [만료 발생] 컵라면
[2026-02-24 15:40:45] [만료 발생] 컵라면
[2026-02-24 15:40:45] [만료 발생] 과자
[2026-02-24 15:40:45] [만료 발생] 도시락
[2026-02-24 15:40:45] [만료 발생] 커피
[2026-02-24 15:40:45] [만료 발생] 생수
[2026-02-24 15:40:45] [만료 발생] 콜라
[2026-02-24 15:40:45] [만료 발생] 커피
[2026-02-24 15:40:45] [만료 발생] 콜라
[2026-02-24 15:40:45] [만료 발생] 과자
[2026-02-24 15:40:45] [만료 발생] 샌드위치
[2026-02-24 15:40:45] [만료 발생] 우유
[2026-02-24 15:40:45] [만료 발생] 생수
[2026-02-24 15:40:45] [만료 발생] 과자
[2026-02-24 15:40:45] [만료 발생] 우유
[2026-02-24 15:40:45] [만료 발생] 우유
[2026-02-24 15:40:45] [만료 발생] 우유
[2026-02-24 15:40:45] [만료 발생] 우유
[2026-02-24 15:40:45] [만료 발생] 콜라
[2026-02-24 15:40:45] [만료 발생] 컵라면
[2026-02-24 15:40:45] [만료 발생] 컵라면
[2026-02-24 15:40:45] [만료 발생] 커피
[2026-02-24 15:40:45] [만료 발생] 커피
[2026-02-24 15:40:45] [만료 발생] 생수
[2026-02-24 15:40:45] [만료 발생] 컵라면
[2026-02-24 15:40:45] [만료 발생] 샌드위치
[2026-02-24 15:40:45] [만료 발생] 컵라면
[2026-02-24 15:40:45] [만료 발생] 컵라면
[2026-02-24 15:40:45] [만료 발생] 커피
[2026-02-24 15:40:45] [만료 발생] 콜라
[2026-02-24 15:40:45] [만료 발생] 아이스크림
[2026-02-24 15:40:45] [만료 발생] 생수
[2026-02-24 15:40:45] [만료 발생] 도시락
[2026-02-24 15:40:45] [만료 발생] 컵라면
[2026-02-24 15:40:45] [만료 발생] 콜라
[2026-02-24 15:40:45] [만료 발생] 아이스크림
[2026-02-24 15:40:45] [만료 발생] 생수
[2026-02-24 15:40:45] [만료 발생] 도시락
[2026-02-24 15:40:45] [만료 발생] 도시락
[2026-02-24 15:40:45] [만료 발생] 도시락
[2026-02-24 15:40:45] [만료 발생] 컵라면
[2026-02-24 15:40:45] [만료 발생] 생수
[2026-02-24 15:40:45] [만료 발생] 아이스크림
[2026-02-24 15:40:45] [만료 발생] 아이스크림
[2026-02-24 15:40:45] [만료 발생] 아이스크림
[2026-02-24 15:40:45] [만료 발생] 우유
[2026-02-24 15:40:45] [만료 발생] 우유
[2026-02-24 15:40:45] [만료 발생] 도시락
[2026-02-24 15:40:45] [만료 발생] 샌드위치
[2026-02-24 15:40:45] [만료 발생] 우유
[2026-02-24 15:40:45] [만료 발생] 콜라
[2026-02-24 15:40:45] [만료 발생] 김밥
[2026-02-24 15:40:45] [만료 발생] 과자
[2026-02-24 15:40:45] [만료 발생] 생수
[2026-02-24 15:40:45] [만료 발생] 샌드위치
[2026-02-24 15:40:45] [만료 발생] 커피
[2026-02-24 15:40:45] [만료 발생] 생수
[2026-02-24 15:40:45] [만료 발생] 도시락
[2026-02-24 15:40:45] [만료 발생] 김밥
[2026-02-24 15:40:45] [만료 발생] 생수
[2026-02-24 15:40:45] [만료 발생] 콜라
[2026-02-24 15:40:45] [만료 발생] 아이스크림
[2026-02-24 15:40:45] [만료 발생] 커피
[2026-02-24 15:40:45] [만료 발생] 커피
[2026-02-24 15:40:45] [만료 발생] 우유
[2026-02-24 15:40:45] [만료 발생] 도시락
[2026-02-24 15:40:45] [만료 발생] 도시락
[2026-02-24 15:40:45] [만료 발생] 김밥
[2026-02-24 15:40:45] [만료 발생] 생수
[2026-02-24 15:40:45] [만료 발생] 컵라면
[2026-02-24 15:40:45] [만료 발생] 우유
[2026-02-24 15:40:45] [만료 발생] 생수
[2026-02-24 15:40:45] [만료 발생] 콜라
[2026-02-24 15:40:45] [만료 발생] 과자
[2026-02-24 15:40:45] [만료 발생] 김밥
[2026-02-24 15:40:45] [만료 발생] 아이스크림
[2026-02-24 15:40:45] [만료 발생] 김밥
[2026-02-24 15:40:45] [만료 발생] 생수
[2026-02-24 15:40:45] [만료 발생] 커피
[2026-02-24 16:40:45] [만료 발생] 과자
[2026-02-24 16:40:45] [만료 발생] 콜라
[2026-02-24 16:40:45] [만료 발생] 샌드위치
[2026-02-24 16:40:45] [만료 발생] 과자
[2026-02-24 16:40:45] [만료 발생] 과자
[2026-02-24 16:40:45] [만료 발생] 우유
[2026-02-24 16:40:45] [만료 발생] 도시락
[2026-02-24 16:40:45] [만료 발생] 샌드위치
[2026-02-24 16:40:45] [만료 발생] 샌드위치
[2026-02-24 16:40:45] [만료 발생] 우유
[2026-02-24 16:40:45] [만료 발생] 도시락
[2026-02-24 16:40:45] [만료 발생] 김밥
[2026-02-24 16:40:45] [만료 발생] 도시락
[2026-02-24 17:40:45] [만료 발생] 김밥
[2026-02-24 17:40:45] [만료 발생] 과자
[2026-02-24 17:40:45] [만료 발생] 샌드위치
[2026-02-24 17:40:45] [만료 발생] 도시락
[2026-02-24 17:40:45] [만료 발생] 김밥
[2026-02-24 17:40:45] [만료 발생] 샌드위치
[2026-02-24 17:40:45] [만료 발생] 커피
[2026-02-24 17:40:45] [만료 발생] 우유
[2026-02-24 17:40:45] [만료 발생] 과자
[2026-02-24 17:40:45] [만료 발생] 콜라
[2026-02-24 17:40:45] [만료 발생] 도시락
[2026-02-24 17:40:45] [만료 발생] 도시락
[2026-02-24 17:40:45] [만료 발생] 김밥
[2026-02-24 17:40:45] [만료 발생] 김밥
[2026-02-24 18:40:45] [만료 발생] 김밥
[2026-02-24 18:40:45] [만료 발생] 콜라
[2026-02-24 18:40:45] [만료 발생] 콜라
[2026-02-24 18:40:45] [만료 발생] 아이스크림
[2026-02-24 18:40:45] [만료 발생] 커피
[2026-02-24 18:40:45] [만료 발생] 샌드위치
[2026-02-24 18:40:45] [만료 발생] 우유
[2026-02-24 18:40:45] [만료 발생] 도시락
[2026-02-24 18:40:45] [만료 발생] 콜라
[2026-02-24 18:40:45] [만료 발생] 생수
[2026-02-24 18:40:45] [만료 발생] 도시락
[2026-02-24 18:40:45] [만료 발생] 우유
[2026-02-24 18:40:45] [만료 발생] 김밥
[2026-02-24 18:40:45] [만료 발생] 생수
[2026-02-24 19:40:45] [만료 발생] 커피
[2026-02-24 19:40:45] [만료 발생] 커피
[2026-02-24 19:40:45] [만료 발생] 과자
[2026-02-24 19:40:45] [만료 발생] 커피
[2026-02-24 19:40:45] [만료 발생] 생수
[2026-02-24 19:40:45] [만료 발생] 과자
[2026-02-24 19:40:45] [만료 발생] 샌드위치
[2026-02-24 19:40:45] [만료 발생] 콜라
[2026-02-24 19:40:45] [만료 발생] 샌드위치
[2026-02-24 19:40:45] [만료 발생] 도시락
[2026-02-24 19:40:45] [만료 발생] 샌드위치
[2026-02-24 19:40:45] [만료 발생] 생수
[2026-02-24 20:40:45] [만료 발생] 과자
[2026-02-24 20:40:45] [만료 발생] 샌드위치
[2026-02-24 20:40:45] [만료 발생] 과자
[2026-02-24 20:40:45] [만료 발생] 샌드위치
[2026-02-24 20:40:45] [만료 발생] 커피
[2026-02-24 20:40:45] [만료 발생] 커피
[2026-02-24 20:40:45] [만료 발생] 샌드위치
[2026-02-24 20:40:45] [만료 발생] 생수
[2026-02-24 22:40:45] [만료 발생] 과자
[2026-02-24 22:40:45] [만료 발생] 커피
[2026-02-24 22:40:45] [만료 발생] 과자
[2026-02-24 22:40:45] [만료 발생] 아이스크림
[2026-02-24 22:40:45] [만료 발생] 김밥
[2026-02-24 22:40:45] [만료 발생] 도시락
[2026-02-24 22:40:45] [만료 발생] 도시락
[2026-02-24 22:40:45] [만료 발생] 커피
[2026-02-24 22:40:45] [만료 발생] 아이스크림
[2026-02-24 22:40:45] [만료 발생] 아이스크림
[2026-02-24 22:40:45] [만료 발생] 우유
[2026-02-24 22:40:45] [만료 발생] 샌드위치
[2026-02-24 22:40:45] [만료 발생] 컵라면
[2026-02-24 22:40:45] [만료 발생] 아이스크림
[2026-02-24 22:40:45] [만료 발생] 우유
[2026-02-24 22:40:45] [만료 발생] 도시락
[2026-02-24 22:40:45] [만료 발생] 콜라
[2026-02-24 22:40:45] [만료 발생] 커피
[2026-02-24 22:40:45] [만료 발생] 도시락
[2026-02-25 00:40:45] [만료 발생] 생수
[2026-02-25 00:40:45] [만료 발생] 도시락
[2026-02-25 00:40:45] [만료 발생] 생수
[2026-02-25 00:40:45] [만료 발생] 컵라면
[2026-02-25 00:40:45] [만료 발생] 도시락
[2026-02-25 00:40:45] [만료 발생] 김밥
[2026-02-25 00:40:45] [만료 발생] 샌드위치
[2026-02-25 00:40:45] [만료 발생] 커피
[2026-02-25 00:40:45] [만료 발생] 아이스크림
[2026-02-25 00:40:45] [만료 발생] 아이스크림
[2026-02-25 00:40:45] [만료 발생] 김밥
[2026-02-25 00:40:45] [만료 발생] 도시락
[2026-02-25 00:40:45] [만료 발생] 생수
[2026-02-25 00:40:45] [만료 발생] 커피
[2026-02-25 00:40:45] [만료 발생] 김밥
[2026-02-25 00:40:45] [만료 발생] 콜라
[2026-02-25 00:40:45] [만료 발생] 우유
[2026-02-25 00:40:45] [만료 발생] 김밥
[2026-02-25 00:40:45] [만료 발생] 콜라
[2026-02-25 00:40:45] [만료 발생] 김밥
[2026-02-25 00:40:45] [만료 발생] 김밥
[2026-02-25 00:40:45] [만료 발생] 커피
[2026-02-25 01:40:45] [만료 발생] 아이스크림
[2026-02-25 01:40:45] [만료 발생] 컵라면
[2026-02-25 01:40:45] [만료 발생] 샌드위치
[2026-02-25 01:40:45] [만료 발생] 생수
[2026-02-25 01:40:45] [만료 발생] 김밥
[2026-02-25 02:40:45] [만료 발생] 컵라면
[2026-02-25 02:40:45] [만료 발생] 우유
[2026-02-25 02:40:45] [만료 발생] 컵라면
[2026-02-25 02:40:45] [만료 발생] 과자
[2026-02-25 02:40:45] [만료 발생] 과자
[2026-02-25 02:40:45] [만료 발생] 김밥
[2026-02-25 02:40:45] [만료 발생] 우유
[2026-02-25 02:40:45] [만료 발생] 콜라
[2026-02-25 02:40:45] [만료 발생] 콜라
[2026-02-25 02:40:45] [만료 발생] 생수
[2026-02-25 02:40:45] [만료 발생] 김밥
[2026-02-25 02:40:45] [만료 발생] 우유
[2026-02-25 02:40:45] [만료 발생] 생수
[2026-02-25 02:40:45] [만료 발생] 도시락
[2026-02-25 02:40:45] [만료 발생] 우유
[2026-02-25 02:40:45] [만료 발생] 김밥
[2026-02-25 02:40:45] [만료 발생] 과자
[2026-02-25 02:40:45] [만료 발생] 과자
[2026-02-25 02:40:45] [만료 발생] 컵라면
[2026-02-25 03:40:45] [만료 발생] 도시락
[2026-02-25 03:40:45] [만료 발생] 컵라면
[2026-02-25 03:40:45] [만료 발생] 김밥
[2026-02-25 03:40:45] [만료 발생] 우유
[2026-02-25 03:40:45] [만료 발생] 샌드위치
[2026-02-25 03:40:45] [만료 발생] 샌드위치
[2026-02-25 03:40:45] [만료 발생] 우유
[2026-02-25 03:40:45] [만료 발생] 우유
[2026-02-25 03:40:45] [만료 발생] 과자
[2026-02-25 03:40:45] [만료 발생] 과자
[2026-02-25 03:40:45] [만료 발생] 과자
[2026-02-25 03:40:45] [만료 발생] 도시락
[2026-02-25 03:40:45] [만료 발생] 김밥
[2026-02-25 03:40:45] [만료 발생] 샌드위치
[2026-02-25 03:40:45] [만료 발생] 생수
[2026-02-25 03:40:45] [만료 발생] 과자
[2026-02-25 03:40:45] [만료 발생] 과자
[2026-02-25 05:40:45] [만료 발생] 아이스크림
[2026-02-25 05:40:45] [만료 발생] 샌드위치
[2026-02-25 05:40:45] [만료 발생] 커피
[2026-02-25 05:40:45] [만료 발생] 도시락
[2026-02-25 05:40:45] [만료 발생] 김밥
[2026-02-25 05:40:45] [만료 발생] 도시락
[2026-02-25 05:40:45] [만료 발생] 커피
[2026-02-25 05:40:45] [만료 발생] 과자
[2026-02-25 05:40:45] [만료 발생] 우유
[2026-02-25 05:40:45] [만료 발생] 과자
[2026-02-25 05:40:45] [만료 발생] 콜라
[2026-02-25 05:40:45] [만료 발생] 아이스크림
[2026-02-25 05:40:45] [만료 발생] 과자
[2026-02-25 05:40:45] [만료 발생] 생수
[2026-02-25 05:40:45] [만료 발생] 콜라
[2026-02-25 05:40:45] [만료 발생] 우유
[2026-02-25 05:40:45] [만료 발생] 콜라
[2026-02-25 05:40:45] [만료 발생] 샌드위치
[2026-02-25 05:40:45] [만료 발생] 콜라
[2026-02-25 05:40:45] [만료 발생] 우유
[2026-02-25 05:40:45] [만료 발생] 도시락
[2026-02-25 05:40:45] [만료 발생] 도시락
[2026-02-25 05:40:45] [만료 발생] 생수
[2026-02-25 05:40:45] [만료 발생] 샌드위치
[2026-02-25 05:40:45] [만료 발생] 아이스크림
[2026-02-25 05:40:45] [만료 발생] 컵라면
[2026-02-25 05:40:45] [만료 발생] 커피
[2026-02-25 06:40:45] [만료 발생] 콜라
[2026-02-25 06:40:45] [만료 발생] 과자
[2026-02-25 06:40:45] [만료 발생] 도시락
[2026-02-25 06:40:45] [만료 발생] 커피
[2026-02-25 06:40:45] [만료 발생] 김밥
[2026-02-25 06:40:45] [만료 발생] 과자
[2026-02-25 06:40:45] [만료 발생] 과자
[2026-02-25 06:40:45] [만료 발생] 과자
[2026-02-25 06:40:45] [만료 발생] 도시락
[2026-02-25 06:40:45] [만료 발생] 우유
[2026-02-25 06:40:45] [만료 발생] 도시락
[2026-02-25 06:40:45] [만료 발생] 컵라면
[2026-02-25 07:40:45] [만료 발생] 김밥
[2026-02-25 07:40:45] [만료 발생] 콜라
[2026-02-25 07:40:45] [만료 발생] 과자
[2026-02-25 07:40:45] [만료 발생] 과자
[2026-02-25 07:40:45] [만료 발생] 우유
[2026-02-25 07:40:45] [만료 발생] 김밥
[2026-02-25 08:40:45] [만료 발생] 우유
[2026-02-25 08:40:45] [만료 발생] 우유
[2026-02-25 08:40:45] [만료 발생] 도시락
[2026-02-25 08:40:45] [만료 발생] 콜라
[2026-02-25 08:40:45] [만료 발생] 과자
[2026-02-25 08:40:45] [만료 발생] 김밥
[2026-02-25 08:40:45] [만료 발생] 도시락
[2026-02-25 08:40:45] [만료 발생] 콜라
[2026-02-25 08:40:45] [만료 발생] 도시락
[2026-02-25 08:40:45] [만료 발생] 커피
[2026-02-25 09:40:45] [만료 발생] 커피
[2026-02-25 09:40:45] [만료 발생] 과자
[2026-02-25 09:40:45] [만료 발생] 김밥
[2026-02-25 09:40:45] [만료 발생] 커피
[2026-02-25 09:40:45] [만료 발생] 김밥
[2026-02-25 09:40:45] [만료 발생] 생수
[2026-02-25 09:40:45] [만료 발생] 아이스크림
[2026-02-25 09:40:45] [만료 발생] 커피
[2026-02-25 09:40:45] [만료 발생] 샌드위치
[2026-02-25 09:40:45] [만료 발생] 컵라면
[2026-02-25 10:40:45] [만료 발생] 커피
[2026-02-25 10:40:45] [만료 발생] 생수
[2026-02-25 10:40:45] [만료 발생] 우유
[2026-02-25 10:40:45] [만료 발생] 샌드위치
[2026-02-25 11:40:45] [만료 발생] 샌드위치
[2026-02-25 11:40:45] [만료 발생] 김밥
[2026-02-25 11:40:45] [만료 발생] 컵라면
[2026-02-25 11:40:45] [만료 발생] 샌드위치
[2026-02-25 11:40:45] [만료 발생] 도시락
[2026-02-25 11:40:45] [만료 발생] 생수
[2026-02-25 11:40:45] [만료 발생] 과자
[2026-02-25 11:40:45] [만료 발생] 과자
[2026-02-25 11:40:45] [만료 발생] 컵라면
[2026-02-25 11:40:45] [만료 발생] 과자
[2026-02-25 11:40:45] [만료 발생] 샌드위치
[2026-02-25 12:40:45] [만료 발생] 우유
[2026-02-25 12:40:45] [만료 발생] 도시락
[2026-02-25 12:40:45] [만료 발생] 아이스크림
[2026-02-25 12:40:45] [만료 발생] 도시락
[2026-02-25 12:40:45] [만료 발생] 콜라
[2026-02-25 12:40:45] [만료 발생] 도시락
[2026-02-25 12:40:45] [만료 발생] 컵라면
[2026-02-25 12:40:45] [만료 발생] 컵라면
[2026-02-25 12:40:45] [만료 발생] 생수
[2026-02-25 12:40:45] [만료 발생] 아이스크림
[2026-02-25 12:40:45] [만료 발생] 샌드위치
[2026-02-25 12:40:45] [만료 발생] 컵라면
[2026-02-25 12:40:45] [만료 발생] 샌드위치
[2026-02-25 12:40:45] [만료 발생] 생수
[2026-02-25 12:40:45] [만료 발생] 커피
[2026-02-25 12:40:45] [만료 발생] 컵라면
[2026-02-25 12:40:45] [만료 발생] 김밥
[2026-02-25 12:40:45] [만료 발생] 과자
[2026-02-25 12:40:45] [만료 발생] 커피
[2026-02-25 12:40:45] [만료 발생] 생수
[2026-02-25 12:40:45] [만료 발생] 도시락
[2026-02-25 12:40:45] [설정] 배속 x1 적용
[2026-02-23 15:53:35] [System] 기존 데이터 1000개 로드됨
[2026-02-25 12:52:50] [System] 세션 복구 완료 (520초 흐름, 배속: x1)
[2026-02-25 12:54:28] [설정] 배속 x360 적용
[2026-02-25 13:42:28] [만료 발생] 아이스크림
[2026-02-25 13:42:28] [만료 발생] 우유
[2026-02-25 13:42:28] [만료 발생] 샌드위치
[2026-02-25 13:42:28] [만료 발생] 김밥
[2026-02-25 14:42:28] [만료 발생] 우유
[2026-02-25 14:42:28] [만료 발생] 김밥
[2026-02-25 14:42:28] [만료 발생] 우유
[2026-02-25 14:42:28] [만료 발생] 아이스크림
[2026-02-25 14:42:28] [만료 발생] 생수
[2026-02-25 14:42:28] [만료 발생] 도시락
[2026-02-25 15:42:28] [만료 발생] 김밥
[2026-02-25 15:42:28] [만료 발생] 컵라면
[2026-02-25 15:42:28] [만료 발생] 우유
[2026-02-25 15:42:28] [만료 발생] 콜라
[2026-02-25 15:42:28] [만료 발생] 우유
[2026-02-25 15:42:28] [만료 발생] 생수
[2026-02-25 15:42:28] [만료 발생] 아이스크림
[2026-02-25 15:42:28] [만료 발생] 우유
[2026-02-25 15:42:28] [만료 발생] 생수
[2026-02-25 16:42:28] [만료 발생] 컵라면
[2026-02-25 16:42:28] [만료 발생] 샌드위치
[2026-02-25 16:42:28] [만료 발생] 컵라면
[2026-02-25 16:42:28] [만료 발생] 커피
[2026-02-25 16:42:28] [만료 발생] 김밥
[2026-02-25 16:42:28] [만료 발생] 도시락
[2026-02-25 16:42:28] [만료 발생] 과자
[2026-02-25 16:42:28] [만료 발생] 도시락
[2026-02-25 16:42:28] [만료 발생] 생수
[2026-02-25 16:42:28] [만료 발생] 아이스크림
[2026-02-25 17:42:28] [만료 발생] 아이스크림
[2026-02-25 17:42:28] [만료 발생] 콜라
[2026-02-25 17:42:28] [만료 발생] 과자
[2026-02-25 17:42:28] [만료 발생] 과자
[2026-02-25 17:42:28] [만료 발생] 커피
[2026-02-25 17:42:28] [만료 발생] 우유
[2026-02-25 17:42:28] [만료 발생] 아이스크림
[2026-02-25 17:42:28] [만료 발생] 샌드위치
[2026-02-25 17:42:28] [만료 발생] 컵라면
[2026-02-25 17:42:28] [만료 발생] 과자
[2026-02-25 17:42:28] [만료 발생] 콜라
[2026-02-25 17:42:28] [만료 발생] 우유
[2026-02-25 17:42:28] [만료 발생] 생수
[2026-02-25 17:42:28] [만료 발생] 생수
[2026-02-25 18:42:28] [만료 발생] 콜라
[2026-02-25 18:42:28] [만료 발생] 김밥
[2026-02-25 18:42:28] [만료 발생] 컵라면
[2026-02-25 18:42:28] [만료 발생] 컵라면
[2026-02-25 18:42:28] [만료 발생] 과자
[2026-02-25 18:42:28] [만료 발생] 커피
[2026-02-25 18:42:28] [만료 발생] 컵라면
[2026-02-25 18:42:28] [만료 발생] 아이스크림
[2026-02-25 18:42:28] [만료 발생] 생수
[2026-02-25 18:42:28] [만료 발생] 컵라면
[2026-02-25 19:42:28] [만료 발생] 과자
[2026-02-25 19:42:28] [만료 발생] 김밥
[2026-02-25 19:42:28] [만료 발생] 컵라면
[2026-02-25 19:42:28] [만료 발생] 생수
[2026-02-25 19:42:28] [만료 발생] 커피
[2026-02-25 19:42:28] [만료 발생] 아이스크림
[2026-02-25 19:42:28] [만료 발생] 컵라면
[2026-02-25 19:42:28] [만료 발생] 생수
[2026-02-25 19:42:28] [만료 발생] 아이스크림
[2026-02-25 19:42:28] [만료 발생] 아이스크림
[2026-02-25 19:42:28] [만료 발생] 아이스크림
[2026-02-25 20:42:28] [만료 발생] 생수
[2026-02-25 20:42:28] [만료 발생] 우유
[2026-02-25 20:42:28] [만료 발생] 아이스크림
[2026-02-25 20:42:28] [만료 발생] 도시락
[2026-02-25 20:42:28] [만료 발생] 과자
[2026-02-25 20:42:28] [만료 발생] 콜라
[2026-02-25 20:42:28] [만료 발생] 커피
[2026-02-25 20:42:28] [만료 발생] 과자
[2026-02-25 20:42:28] [만료 발생] 샌드위치
[2026-02-25 20:42:28] [만료 발생] 아이스크림
[2026-02-25 21:42:28] [만료 발생] 김밥
[2026-02-25 21:42:28] [만료 발생] 커피
[2026-02-25 21:42:28] [만료 발생] 샌드위치
[2026-02-25 21:42:28] [만료 발생] 김밥
[2026-02-25 21:42:28] [만료 발생] 콜라
[2026-02-25 21:42:28] [만료 발생] 콜라
[2026-02-25 21:42:28] [만료 발생] 김밥
[2026-02-25 21:42:28] [만료 발생] 김밥
[2026-02-25 21:42:28] [만료 발생] 도시락
[2026-02-25 21:42:28] [만료 발생] 도시락
[2026-02-25 21:42:28] [만료 발생] 생수
[2026-02-25 21:42:28] [만료 발생] 김밥
[2026-02-25 21:42:28] [만료 발생] 컵라면
[2026-02-25 21:42:28] [만료 발생] 아이스크림
[2026-02-25 21:42:28] [만료 발생] 아이스크림
[2026-02-25 21:42:28] [만료 발생] 컵라면
[2026-02-25 21:42:28] [만료 발생] 도시락
[2026-02-25 21:42:28] [만료 발생] 샌드위치
[2026-02-25 22:42:28] [만료 발생] 도시락
[2026-02-25 22:42:28] [만료 발생] 도시락
[2026-02-25 22:42:28] [만료 발생] 샌드위치
[2026-02-25 22:42:28] [만료 발생] 샌드위치
[2026-02-25 22:42:28] [만료 발생] 컵라면
[2026-02-25 22:42:28] [만료 발생] 콜라
[2026-02-25 22:42:28] [만료 발생] 아이스크림
[2026-02-25 22:42:28] [만료 발생] 커피
[2026-02-25 23:42:28] [만료 발생] 아이스크림
[2026-02-25 23:42:28] [만료 발생] 컵라면
[2026-02-25 23:42:28] [만료 발생] 컵라면
[2026-02-25 23:42:28] [만료 발생] 아이스크림
[2026-02-25 23:42:28] [만료 발생] 아이스크림
[2026-02-25 23:42:28] [만료 발생] 컵라면
[2026-02-25 23:42:28] [만료 발생] 김밥
[2026-02-25 23:42:28] [만료 발생] 아이스크림
[2026-02-25 23:42:28] [만료 발생] 아이스크림
[2026-02-25 23:42:28] [만료 발생] 김밥
[2026-02-25 23:42:28] [만료 발생] 생수
[2026-02-26 00:48:28] [만료 발생] 커피
[2026-02-26 00:48:28] [만료 발생] 과자
[2026-02-26 00:48:28] [만료 발생] 과자
[2026-02-26 00:48:28] [만료 발생] 김밥
[2026-02-26 00:48:28] [만료 발생] 김밥
[2026-02-26 00:48:28] [만료 발생] 컵라면
[2026-02-26 00:48:28] [만료 발생] 도시락
[2026-02-26 00:48:28] [만료 발생] 생수
[2026-02-26 00:48:28] [만료 발생] 콜라
[2026-02-26 01:42:28] [만료 발생] 김밥
[2026-02-26 01:42:28] [만료 발생] 샌드위치
[2026-02-26 01:42:28] [만료 발생] 콜라
[2026-02-26 01:42:28] [만료 발생] 아이스크림
[2026-02-26 01:42:28] [만료 발생] 아이스크림
[2026-02-26 01:42:28] [만료 발생] 과자
[2026-02-26 01:42:28] [만료 발생] 커피
[2026-02-26 01:42:28] [만료 발생] 샌드위치
[2026-02-26 01:42:28] [만료 발생] 아이스크림
[2026-02-26 01:42:28] [만료 발생] 도시락
[2026-02-26 01:42:28] [만료 발생] 과자
[2026-02-26 01:42:28] [만료 발생] 아이스크림
[2026-02-26 01:42:28] [만료 발생] 생수
[2026-02-26 01:42:28] [만료 발생] 커피
[2026-02-26 02:42:28] [만료 발생] 도시락
[2026-02-26 02:42:28] [만료 발생] 도시락
[2026-02-26 02:42:28] [만료 발생] 샌드위치
[2026-02-26 02:42:28] [만료 발생] 콜라
[2026-02-26 02:42:28] [만료 발생] 과자
[2026-02-26 02:42:28] [만료 발생] 생수
[2026-02-26 02:42:28] [만료 발생] 컵라면
[2026-02-26 02:42:28] [만료 발생] 아이스크림
[2026-02-26 02:42:28] [만료 발생] 우유
[2026-02-26 02:42:28] [만료 발생] 과자
[2026-02-26 02:42:28] [만료 발생] 컵라면
[2026-02-26 03:42:28] [만료 발생] 커피
[2026-02-26 03:42:28] [만료 발생] 아이스크림
[2026-02-26 03:42:28] [만료 발생] 컵라면
[2026-02-26 03:42:28] [만료 발생] 과자
[2026-02-26 03:42:28] [만료 발생] 아이스크림
[2026-02-26 03:42:28] [만료 발생] 컵라면
[2026-02-26 03:42:28] [만료 발생] 우유
[2026-02-26 03:42:28] [만료 발생] 도시락
[2026-02-26 03:42:28] [만료 발생] 김밥
[2026-02-26 03:42:28] [만료 발생] 김밥
[2026-02-26 04:42:28] [만료 발생] 김밥
[2026-02-26 04:42:28] [만료 발생] 커피
[2026-02-26 04:42:28] [만료 발생] 콜라
[2026-02-26 04:42:28] [만료 발생] 컵라면
[2026-02-26 04:42:28] [만료 발생] 콜라
[2026-02-26 04:42:28] [만료 발생] 아이스크림
[2026-02-26 04:42:28] [만료 발생] 아이스크림
[2026-02-26 04:42:28] [만료 발생] 김밥
[2026-02-26 04:42:28] [만료 발생] 우유
[2026-02-26 04:42:28] [만료 발생] 김밥
[2026-02-26 05:42:28] [만료 발생] 컵라면
[2026-02-26 05:42:28] [만료 발생] 생수
[2026-02-26 05:42:28] [만료 발생] 과자
[2026-02-26 05:42:28] [만료 발생] 과자
[2026-02-26 05:42:28] [만료 발생] 컵라면
[2026-02-26 05:42:28] [만료 발생] 과자
[2026-02-26 05:42:28] [만료 발생] 샌드위치
[2026-02-26 05:42:28] [만료 발생] 과자
[2026-02-26 05:42:28] [만료 발생] 샌드위치
[2026-02-26 06:42:28] [만료 발생] 콜라
[2026-02-26 06:42:28] [만료 발생] 도시락
[2026-02-26 06:42:28] [만료 발생] 샌드위치
[2026-02-26 06:42:28] [만료 발생] 과자
[2026-02-26 06:42:28] [만료 발생] 과자
[2026-02-26 06:42:28] [만료 발생] 컵라면
[2026-02-26 06:42:28] [만료 발생] 생수
[2026-02-26 07:42:28] [만료 발생] 커피
[2026-02-26 07:42:28] [만료 발생] 생수
[2026-02-26 07:42:28] [만료 발생] 커피
[2026-02-26 07:42:28] [만료 발생] 우유
[2026-02-26 07:42:28] [만료 발생] 도시락
[2026-02-26 07:42:28] [만료 발생] 우유
[2026-02-26 07:42:28] [만료 발생] 콜라
[2026-02-26 07:42:28] [만료 발생] 김밥
[2026-02-26 07:42:28] [만료 발생] 도시락
[2026-02-26 07:42:28] [만료 발생] 김밥
[2026-02-26 07:42:28] [만료 발생] 과자
[2026-02-26 08:42:28] [만료 발생] 도시락
[2026-02-26 08:42:28] [만료 발생] 커피
[2026-02-26 08:42:28] [만료 발생] 커피
[2026-02-26 08:42:28] [만료 발생] 생수
[2026-02-26 08:42:28] [만료 발생] 생수
[2026-02-26 08:42:28] [만료 발생] 컵라면
[2026-02-26 08:42:28] [만료 발생] 콜라
[2026-02-26 08:42:28] [만료 발생] 우유
[2026-02-26 08:42:28] [만료 발생] 생수
[2026-02-26 08:42:28] [만료 발생] 도시락
[2026-02-26 09:42:28] [만료 발생] 샌드위치
[2026-02-26 09:42:28] [만료 발생] 생수
[2026-02-26 09:42:28] [만료 발생] 커피
[2026-02-26 09:42:28] [만료 발생] 커피
[2026-02-26 09:42:28] [만료 발생] 도시락
[2026-02-26 09:42:28] [만료 발생] 아이스크림
[2026-02-26 09:42:28] [만료 발생] 과자
[2026-02-26 09:42:28] [만료 발생] 커피
[2026-02-26 10:42:28] [만료 발생] 과자
[2026-02-26 10:42:28] [만료 발생] 아이스크림
[2026-02-26 10:42:28] [만료 발생] 김밥
[2026-02-26 10:42:28] [만료 발생] 아이스크림
[2026-02-26 10:42:28] [만료 발생] 샌드위치
[2026-02-26 10:42:28] [만료 발생] 콜라
[2026-02-26 10:42:28] [만료 발생] 샌드위치
[2026-02-26 10:42:28] [만료 발생] 도시락
[2026-02-26 10:42:28] [만료 발생] 과자
[2026-02-26 10:42:28] [만료 발생] 도시락
[2026-02-26 10:42:28] [만료 발생] 콜라
[2026-02-26 10:42:28] [만료 발생] 생수
[2026-02-26 10:42:28] [만료 발생] 샌드위치
[2026-02-26 10:42:28] [만료 발생] 컵라면
[2026-02-26 11:42:28] [만료 발생] 김밥
[2026-02-26 11:42:28] [만료 발생] 생수
[2026-02-26 11:42:28] [만료 발생] 샌드위치
[2026-02-26 12:42:28] [만료 발생] 컵라면
[2026-02-26 12:42:28] [만료 발생] 우유
[2026-02-26 12:42:28] [만료 발생] 콜라
[2026-02-26 12:42:28] [만료 발생] 콜라
[2026-02-26 12:42:28] [만료 발생] 과자
[2026-02-26 12:42:28] [만료 발생] 커피
[2026-02-26 12:42:28] [만료 발생] 우유
[2026-02-26 12:42:28] [만료 발생] 김밥
[2026-02-26 12:42:28] [만료 발생] 컵라면
[2026-02-26 12:42:28] [만료 발생] 우유
[2026-02-26 12:42:28] [만료 발생] 아이스크림
[2026-02-26 12:42:28] [만료 발생] 컵라면
[2026-02-26 13:42:28] [만료 발생] 커피
[2026-02-26 13:42:28] [만료 발생] 과자
[2026-02-26 13:42:28] [만료 발생] 컵라면
[2026-02-26 13:42:28] [만료 발생] 도시락
[2026-02-26 13:42:28] [만료 발생] 생수
[2026-02-26 13:42:28] [만료 발생] 우유
[2026-02-26 13:42:28] [만료 발생] 과자
[2026-02-26 14:42:28] [만료 발생] 콜라
[2026-02-26 14:42:28] [만료 발생] 컵라면
[2026-02-26 14:42:28] [만료 발생] 컵라면
[2026-02-26 14:42:28] [만료 발생] 아이스크림
[2026-02-26 14:42:28] [만료 발생] 과자
[2026-02-26 14:42:28] [만료 발생] 샌드위치
[2026-02-26 14:42:28] [만료 발생] 김밥
[2026-02-26 14:42:28] [만료 발생] 과자
[2026-02-26 14:42:28] [만료 발생] 도시락
[2026-02-26 15:48:28] [만료 발생] 아이스크림
[2026-02-26 15:48:28] [만료 발생] 아이스크림
[2026-02-26 15:48:28] [만료 발생] 아이스크림
[2026-02-26 15:48:28] [만료 발생] 컵라면
[2026-02-26 15:48:28] [만료 발생] 커피
[2026-02-26 15:48:28] [만료 발생] 생수
[2026-02-26 15:48:28] [만료 발생] 콜라
[2026-02-26 15:48:28] [만료 발생] 도시락
[2026-02-26 15:48:28] [만료 발생] 콜라
[2026-02-26 15:48:28] [만료 발생] 과자
[2026-02-26 15:48:28] [만료 발생] 콜라
[2026-02-26 15:48:28] [만료 발생] 도시락
[2026-02-26 15:48:28] [만료 발생] 콜라
[2026-02-26 15:48:28] [만료 발생] 과자
[2026-02-26 16:42:28] [만료 발생] 과자
[2026-02-26 16:42:28] [만료 발생] 과자
[2026-02-26 16:42:28] [만료 발생] 샌드위치
[2026-02-26 16:42:28] [만료 발생] 김밥
[2026-02-26 16:42:28] [만료 발생] 김밥
[2026-02-26 16:42:28] [만료 발생] 우유
[2026-02-26 16:42:28] [만료 발생] 김밥
[2026-02-26 16:42:28] [만료 발생] 생수
[2026-02-26 16:42:28] [만료 발생] 도시락
[2026-02-26 16:42:28] [만료 발생] 샌드위치
[2026-02-26 16:42:28] [만료 발생] 콜라
[2026-02-26 16:42:28] [만료 발생] 아이스크림
[2026-02-26 16:42:28] [만료 발생] 생수
[2026-02-26 16:42:28] [만료 발생] 김밥
[2026-02-26 16:42:28] [만료 발생] 과자
[2026-02-26 16:42:28] [만료 발생] 도시락
[2026-02-26 16:42:28] [만료 발생] 김밥
[2026-02-26 17:42:28] [만료 발생] 생수
[2026-02-26 17:42:28] [만료 발생] 도시락
[2026-02-26 17:42:28] [만료 발생] 우유
[2026-02-26 17:42:28] [만료 발생] 생수
[2026-02-26 17:42:28] [만료 발생] 우유
[2026-02-26 17:42:28] [만료 발생] 아이스크림
[2026-02-26 18:42:28] [만료 발생] 커피
[2026-02-26 18:42:28] [만료 발생] 도시락
[2026-02-26 18:42:28] [만료 발생] 아이스크림
[2026-02-26 18:42:28] [만료 발생] 김밥
[2026-02-26 18:42:28] [만료 발생] 과자
[2026-02-26 18:42:28] [만료 발생] 샌드위치
[2026-02-26 19:42:28] [만료 발생] 아이스크림
[2026-02-26 19:42:28] [만료 발생] 콜라
[2026-02-26 19:42:28] [만료 발생] 과자
[2026-02-26 19:42:28] [만료 발생] 과자
[2026-02-26 19:42:28] [만료 발생] 도시락
[2026-02-26 19:42:28] [만료 발생] 샌드위치
[2026-02-26 19:42:28] [만료 발생] 우유
[2026-02-26 19:42:28] [만료 발생] 생수
[2026-02-26 19:42:28] [만료 발생] 콜라
[2026-02-26 19:42:28] [만료 발생] 커피
[2026-02-26 19:42:28] [만료 발생] 도시락
[2026-02-26 19:42:28] [만료 발생] 콜라
[2026-02-26 19:42:28] [만료 발생] 컵라면
[2026-02-26 20:30:28] [판매] 아이스크림 21개 결제
[2026-02-26 20:36:28] [판매] 샌드위치 16개 결제
[2026-02-26 20:42:28] [만료 발생] 콜라
[2026-02-26 20:42:28] [만료 발생] 컵라면
[2026-02-26 20:42:28] [만료 발생] 우유
[2026-02-26 20:42:28] [만료 발생] 도시락
[2026-02-26 20:42:28] [만료 발생] 컵라면
[2026-02-26 21:42:28] [만료 발생] 콜라
[2026-02-26 21:42:28] [만료 발생] 컵라면
[2026-02-26 21:42:28] [만료 발생] 우유
[2026-02-26 21:42:28] [만료 발생] 김밥
[2026-02-26 21:42:28] [만료 발생] 우유
[2026-02-26 21:42:28] [만료 발생] 생수
[2026-02-26 21:42:28] [만료 발생] 콜라
[2026-02-26 21:42:28] [만료 발생] 커피
[2026-02-26 21:42:28] [만료 발생] 콜라
[2026-02-26 21:42:28] [만료 발생] 과자
[2026-02-26 21:42:28] [만료 발생] 콜라
[2026-02-26 21:42:28] [만료 발생] 커피
[2026-02-26 21:42:28] [만료 발생] 우유
[2026-02-26 22:48:28] [만료 발생] 우유
[2026-02-26 22:48:28] [만료 발생] 과자
[2026-02-26 22:48:28] [만료 발생] 콜라
[2026-02-26 22:48:28] [만료 발생] 과자
[2026-02-26 22:48:28] [만료 발생] 과자
[2026-02-26 22:48:28] [만료 발생] 컵라면
[2026-02-26 22:48:28] [만료 발생] 컵라면
[2026-02-26 22:48:28] [만료 발생] 우유
[2026-02-26 23:42:28] [만료 발생] 우유
[2026-02-26 23:42:28] [만료 발생] 우유
[2026-02-26 23:42:28] [만료 발생] 과자
[2026-02-26 23:42:28] [만료 발생] 커피
[2026-02-26 23:42:28] [만료 발생] 컵라면
[2026-02-26 23:42:28] [만료 발생] 과자
[2026-02-26 23:42:28] [만료 발생] 콜라
[2026-02-26 23:42:28] [만료 발생] 과자
[2026-02-27 00:42:28] [만료 발생] 우유
[2026-02-27 00:42:28] [만료 발생] 과자
[2026-02-27 00:42:28] [만료 발생] 과자
[2026-02-27 00:42:28] [만료 발생] 컵라면
[2026-02-27 00:42:28] [만료 발생] 콜라
[2026-02-27 00:42:28] [만료 발생] 생수
[2026-02-27 00:42:28] [만료 발생] 커피
[2026-02-27 00:42:28] [만료 발생] 콜라
[2026-02-27 00:42:28] [만료 발생] 생수
[2026-02-27 00:42:28] [만료 발생] 김밥
[2026-02-27 00:42:28] [만료 발생] 과자
[2026-02-27 00:42:28] [만료 발생] 우유
[2026-02-27 00:42:28] [만료 발생] 우유
[2026-02-27 01:42:28] [만료 발생] 우유
[2026-02-27 01:42:28] [만료 발생] 우유
[2026-02-27 01:42:28] [만료 발생] 생수
[2026-02-27 01:42:28] [만료 발생] 도시락
[2026-02-27 01:42:28] [만료 발생] 컵라면
[2026-02-27 02:42:28] [만료 발생] 커피
[2026-02-27 02:42:28] [만료 발생] 생수
[2026-02-27 02:42:28] [만료 발생] 김밥
[2026-02-27 02:42:28] [만료 발생] 우유
[2026-02-27 02:42:28] [만료 발생] 컵라면
[2026-02-27 02:42:28] [만료 발생] 과자
[2026-02-27 02:42:28] [만료 발생] 컵라면
[2026-02-27 02:42:28] [만료 발생] 커피
[2026-02-27 02:42:28] [만료 발생] 커피
[2026-02-27 02:42:28] [만료 발생] 도시락
[2026-02-27 03:42:28] [만료 발생] 도시락
[2026-02-27 03:42:28] [만료 발생] 컵라면
[2026-02-27 03:42:28] [만료 발생] 도시락
[2026-02-27 03:42:28] [만료 발생] 커피
[2026-02-27 03:42:28] [만료 발생] 우유
[2026-02-27 04:54:28] [만료 발생] 도시락
[2026-02-27 04:54:28] [만료 발생] 과자
[2026-02-27 04:54:28] [만료 발생] 도시락
[2026-02-27 04:54:28] [만료 발생] 김밥
[2026-02-27 04:54:28] [만료 발생] 도시락
[2026-02-27 04:54:28] [만료 발생] 김밥
[2026-02-27 04:54:28] [만료 발생] 생수
[2026-02-27 04:54:28] [만료 발생] 커피
[2026-02-27 04:54:28] [만료 발생] 커피
[2026-02-27 04:54:28] [만료 발생] 콜라
[2026-02-27 04:54:28] [만료 발생] 우유
[2026-02-27 04:54:28] [만료 발생] 콜라
[2026-02-27 04:54:28] [만료 발생] 도시락
[2026-02-27 05:42:28] [만료 발생] 콜라
[2026-02-27 05:42:28] [만료 발생] 생수
[2026-02-27 05:42:28] [만료 발생] 과자
[2026-02-27 05:42:28] [만료 발생] 커피
[2026-02-27 06:42:28] [만료 발생] 김밥
[2026-02-27 06:42:28] [만료 발생] 생수
[2026-02-27 06:42:28] [만료 발생] 컵라면
[2026-02-27 06:42:28] [만료 발생] 생수
[2026-02-27 06:42:28] [만료 발생] 과자
[2026-02-27 06:42:28] [만료 발생] 과자
[2026-02-27 06:42:28] [만료 발생] 컵라면
[2026-02-27 06:42:28] [만료 발생] 생수
[2026-02-27 07:42:28] [만료 발생] 콜라
[2026-02-27 07:42:28] [만료 발생] 김밥
[2026-02-27 07:42:28] [만료 발생] 생수
[2026-02-27 07:42:28] [만료 발생] 도시락
[2026-02-27 07:42:28] [만료 발생] 도시락
[2026-02-27 07:42:28] [만료 발생] 컵라면
[2026-02-23 16:02:36] [System] 기존 데이터 963개 로드됨
[2026-02-27 09:12:28] [System] 세션 복구 완료 (6초 흐름, 배속: x360)
[2026-02-27 09:12:28] [만료 발생] 생수
[2026-02-27 09:12:28] [만료 발생] 우유
[2026-02-27 09:12:28] [만료 발생] 김밥
[2026-02-27 09:12:28] [만료 발생] 과자
[2026-02-27 09:12:28] [만료 발생] 커피
[2026-02-27 09:12:28] [만료 발생] 콜라
[2026-02-27 09:12:28] [만료 발생] 도시락
[2026-02-27 09:12:28] [만료 발생] 김밥
[2026-02-27 09:42:28] [만료 발생] 커피
[2026-02-27 09:42:28] [만료 발생] 과자
[2026-02-27 09:42:28] [만료 발생] 생수
[2026-02-27 09:42:28] [만료 발생] 우유
[2026-02-27 09:42:28] [만료 발생] 김밥
[2026-02-27 09:42:28] [만료 발생] 컵라면
[2026-02-27 09:42:28] [만료 발생] 생수
[2026-02-27 09:42:28] [만료 발생] 김밥
[2026-02-27 10:30:28] [부분판매] 커피 부족으로 7개만 결제됨 (요청:10)
[2026-02-27 10:42:28] [만료 발생] 김밥
[2026-02-27 10:42:28] [만료 발생] 도시락
[2026-02-27 11:42:28] [만료 발생] 생수
[2026-02-27 11:42:28] [만료 발생] 도시락
[2026-02-27 11:42:28] [만료 발생] 콜라
[2026-02-27 11:42:28] [만료 발생] 김밥
[2026-02-27 11:42:28] [만료 발생] 생수
[2026-02-27 12:42:28] [만료 발생] 과자
[2026-02-27 12:42:28] [만료 발생] 콜라
[2026-02-27 12:42:28] [만료 발생] 과자
[2026-02-27 12:42:28] [만료 발생] 도시락
[2026-02-27 12:42:28] [만료 발생] 컵라면
[2026-02-27 12:42:28] [만료 발생] 콜라
[2026-02-27 12:42:28] [만료 발생] 과자
[2026-02-27 13:42:28] [만료 발생] 컵라면
[2026-02-27 13:42:28] [만료 발생] 우유
[2026-02-27 13:42:28] [만료 발생] 콜라
[2026-02-27 13:42:28] [만료 발생] 콜라
[2026-02-27 13:42:28] [만료 발생] 도시락
[2026-02-27 13:42:28] [만료 발생] 콜라
[2026-02-27 13:42:28] [만료 발생] 생수
[2026-02-27 14:42:28] [만료 발생] 컵라면
[2026-02-27 14:42:28] [만료 발생] 과자
[2026-02-27 14:42:28] [만료 발생] 과자
[2026-02-27 14:42:28] [만료 발생] 과자
[2026-02-27 14:42:28] [만료 발생] 우유
[2026-02-27 15:42:28] [만료 발생] 김밥
[2026-02-27 15:42:28] [만료 발생] 우유
[2026-02-27 15:42:28] [만료 발생] 도시락
[2026-02-27 15:42:28] [만료 발생] 김밥
[2026-02-27 15:42:28] [만료 발생] 도시락
[2026-02-27 15:42:28] [만료 발생] 김밥
[2026-02-27 15:42:28] [만료 발생] 과자
[2026-02-27 15:42:28] [만료 발생] 김밥
[2026-02-27 15:42:28] [만료 발생] 도시락
